<?xml version="1.0" encoding="UTF-8"?>
<!-- Generated by org.testng.reporters.JUnitReportReporter -->
<testsuite hostname="Parul" name="project1.Automation_api.TalentScreenApi" tests="10" failures="0" timestamp="28 Aug 2017 23:13:43 GMT" time="2.369" errors="0">
  <testcase name="getRequest" time="0.720" classname="project1.Automation_api.TalentScreenApi"/>
  <testcase name="postRequest" time="0.412" classname="project1.Automation_api.TalentScreenApi"/>
  <testcase name="postRequest" time="0.254" classname="project1.Automation_api.TalentScreenApi"/>
  <testcase name="putRequest" time="0.080" classname="project1.Automation_api.TalentScreenApi"/>
  <testcase name="putRequest" time="0.075" classname="project1.Automation_api.TalentScreenApi"/>
  <testcase name="postRequest" time="0.279" classname="project1.Automation_api.TalentScreenApi"/>
  <testcase name="putRequest" time="0.069" classname="project1.Automation_api.TalentScreenApi"/>
  <testcase name="postRequest" time="0.079" classname="project1.Automation_api.TalentScreenApi"/>
  <testcase name="putRequest" time="0.101" classname="project1.Automation_api.TalentScreenApi"/>
  <testcase name="deleteRequest" time="0.300" classname="project1.Automation_api.TalentScreenApi"/>
</testsuite> <!-- project1.Automation_api.TalentScreenApi -->
