<?xml version="1.0" encoding="UTF-8"?>
<!-- Generated by org.testng.reporters.JUnitReportReporter -->
<testsuite name="Project1.RestAssuredApi.ItunesApi" tests="1" time="3.493" ignored="1" failures="0" timestamp="05 Oct 2017 20:56:52 GMT" skipped="0" hostname="Parul" errors="0">
  <testcase name="getRequest2" time="3.493" classname="Project1.RestAssuredApi.ItunesApi"/>
  <testcase name="getRequest" classname="Project1.RestAssuredApi.ItunesApi">
    <skipped/>
  </testcase> <!-- getRequest -->
</testsuite> <!-- Project1.RestAssuredApi.ItunesApi -->
