<?xml version="1.0" encoding="UTF-8"?>
<!-- Generated by org.testng.reporters.JUnitReportReporter -->
<testsuite name="Project1.RestAssuredApi.GoogleMapApi" tests="1" time="4.955" ignored="0" failures="0" timestamp="05 Oct 2017 20:24:22 GMT" skipped="0" hostname="Parul" errors="0">
  <testcase name="makeSureThatGoogleIsUp" time="4.955" classname="Project1.RestAssuredApi.GoogleMapApi"/>
</testsuite> <!-- Project1.RestAssuredApi.GoogleMapApi -->
