<?xml version="1.0" encoding="UTF-8"?>
<!-- Generated by org.testng.reporters.JUnitReportReporter -->
<testsuite name="com.wbl.RestAssured.Circuits" tests="1" time="2.686" ignored="3" failures="0" timestamp="01 Nov 2017 00:51:56 GMT" skipped="0" hostname="Parul" errors="0">
  <testcase name="test_NumberOfCircuits_ShouldBe20_Parameterized" time="2.686" classname="com.wbl.RestAssured.Circuits"/>
  <testcase name="test_ResponseHeaderData_ShouldBeCorrect" classname="com.wbl.RestAssured.Circuits">
    <skipped/>
  </testcase> <!-- test_ResponseHeaderData_ShouldBeCorrect -->
  <testcase name="test_Md5CheckSumForTest_ShouldBe098f6bcd4621d373cade4e832627b4f6" classname="com.wbl.RestAssured.Circuits">
    <skipped/>
  </testcase> <!-- test_Md5CheckSumForTest_ShouldBe098f6bcd4621d373cade4e832627b4f6 -->
  <testcase name="test_NumberOfCircuitsFor2017Season_ShouldBe20" classname="com.wbl.RestAssured.Circuits">
    <skipped/>
  </testcase> <!-- test_NumberOfCircuitsFor2017Season_ShouldBe20 -->
</testsuite> <!-- com.wbl.RestAssured.Circuits -->
