<?xml version="1.0" encoding="UTF-8"?>
<!-- Generated by org.testng.reporters.JUnitReportReporter -->
<testsuite name="com.ebay.pagesTest.DressPageTest" tests="1" time="30.544" ignored="4" failures="0" timestamp="14 Sep 2017 16:34:05 GMT" skipped="0" hostname="Parul" errors="0">
  <testcase name="printBestMatchList" time="30.544" classname="com.ebay.pagesTest.DressPageTest"/>
  <testcase name="checkhm" classname="com.ebay.pagesTest.FashionPageTest">
    <skipped/>
  </testcase> <!-- checkhm -->
  <testcase name="beforeSuite" classname="com.ebay.base.BaseTest">
    <skipped/>
  </testcase> <!-- beforeSuite -->
  <testcase name="beforeSuite" classname="com.ebay.base.BaseTest">
    <skipped/>
  </testcase> <!-- beforeSuite -->
  <testcase name="toplistTest" classname="com.ebay.pagesTest.HomePageTest">
    <skipped/>
  </testcase> <!-- toplistTest -->
</testsuite> <!-- com.ebay.pagesTest.DressPageTest -->
