<?xml version="1.0" encoding="UTF-8"?>
<!-- Generated by org.testng.reporters.JUnitReportReporter -->
<testsuite skipped="0" hostname="Parul" name="com.ebay.Register" tests="1" failures="0" timestamp="17 Aug 2017 21:08:20 GMT" time="6.191" errors="0">
  <testcase name="resumeUpload" time="6.191" classname="com.ebay.Register"/>
</testsuite> <!-- com.ebay.Register -->
