<?xml version="1.0" encoding="UTF-8"?>
<!-- Generated by org.testng.reporters.JUnitReportReporter -->
<testsuite name="com.ebay.AutomationframeWork.FashionPageTest" tests="1" time="19.002" ignored="2" failures="0" timestamp="07 Sep 2017 17:21:41 GMT" skipped="0" hostname="Parul" errors="0">
  <testcase name="check" time="19.002" classname="com.ebay.AutomationframeWork.FashionPageTest"/>
  <testcase name="beforeSuite" classname="com.ebay.base.BaseTest">
    <skipped/>
  </testcase> <!-- beforeSuite -->
  <testcase name="beforeSuite" classname="com.ebay.base.BaseTest">
    <skipped/>
  </testcase> <!-- beforeSuite -->
</testsuite> <!-- com.ebay.AutomationframeWork.FashionPageTest -->
