<?xml version="1.0" encoding="UTF-8"?>
<!-- Generated by org.testng.reporters.JUnitReportReporter -->
<testsuite name="com.ebay.AutomationframeWork.DressPageTest" tests="1" time="20.280" ignored="2" failures="0" timestamp="07 Sep 2017 17:21:41 GMT" skipped="0" hostname="Parul" errors="0">
  <testcase name="printBestMatchList" time="20.280" classname="com.ebay.AutomationframeWork.DressPageTest"/>
  <testcase name="beforeSuite" classname="com.ebay.base.BaseTest">
    <skipped/>
  </testcase> <!-- beforeSuite -->
  <testcase name="beforeSuite" classname="com.ebay.base.BaseTest">
    <skipped/>
  </testcase> <!-- beforeSuite -->
</testsuite> <!-- com.ebay.AutomationframeWork.DressPageTest -->
