<?xml version="1.0" encoding="UTF-8"?>
<!-- Generated by org.testng.reporters.JUnitReportReporter -->
<testsuite name="com.ebay.AutomationframeWork.HomePageTest" tests="2" time="13.975" ignored="2" failures="0" timestamp="07 Sep 2017 17:21:41 GMT" skipped="0" hostname="Parul" errors="0">
  <testcase name="search" time="8.374" classname="com.ebay.AutomationframeWork.HomePageTest"/>
  <testcase name="toplistTest" time="5.601" classname="com.ebay.AutomationframeWork.HomePageTest"/>
  <testcase name="beforeSuite" classname="com.ebay.base.BaseTest">
    <skipped/>
  </testcase> <!-- beforeSuite -->
  <testcase name="beforeSuite" classname="com.ebay.base.BaseTest">
    <skipped/>
  </testcase> <!-- beforeSuite -->
</testsuite> <!-- com.ebay.AutomationframeWork.HomePageTest -->
